<?xml version="1.0" encoding="UTF-8" ?>
<testsuite errors="0" failures="0" hostname="manjarovm" name="test.ClubMemberTest" skipped="0" tests="1" time="0.124" timestamp="2013-12-01T21:03:22">
  <properties>
    <property name="java.vendor" value="Oracle Corporation" />
    <property name="lib.dir" value="lib" />
    <property name="sun.java.launcher" value="SUN_STANDARD" />
    <property name="sun.management.compiler" value="HotSpot 64-Bit Tiered Compilers" />
    <property name="os.name" value="Linux" />
    <property name="sun.boot.class.path" value="/usr/lib/jvm/java-7-openjdk/jre/lib/resources.jar:/usr/lib/jvm/java-7-openjdk/jre/lib/rt.jar:/usr/lib/jvm/java-7-openjdk/jre/lib/sunrsasign.jar:/usr/lib/jvm/java-7-openjdk/jre/lib/jsse.jar:/usr/lib/jvm/java-7-openjdk/jre/lib/jce.jar:/usr/lib/jvm/java-7-openjdk/jre/lib/charsets.jar:/usr/lib/jvm/java-7-openjdk/jre/lib/netx.jar:/usr/lib/jvm/java-7-openjdk/jre/lib/plugin.jar:/usr/lib/jvm/java-7-openjdk/jre/lib/rhino.jar:/usr/lib/jvm/java-7-openjdk/jre/lib/jfr.jar:/usr/lib/jvm/java-7-openjdk/jre/classes" />
    <property name="java.vm.specification.vendor" value="Oracle Corporation" />
    <property name="ant.home" value="/usr/share/apache-ant" />
    <property name="jar.dir" value="/home/stefan/workspace/ClubManager/jar" />
    <property name="java.runtime.version" value="1.7.0_45-b31" />
    <property name="dita.dir" value="/home/stefan/workspace/ClubManager/dita" />
    <property name="dita.map" value="/home/stefan/workspace/ClubManager/ditadoc/club-manager.ditamap" />
    <property name="user.name" value="stefan" />
    <property name="build.dir" value="/home/stefan/workspace/ClubManager/bin" />
    <property name="user.language" value="de" />
    <property name="test.report.dir" value="/home/stefan/workspace/ClubManager/testreport" />
    <property name="sun.boot.library.path" value="/usr/lib/jvm/java-7-openjdk/jre/lib/amd64" />
    <property name="ant.project.default-target" value="main" />
    <property name="doc.dir" value="/home/stefan/workspace/ClubManager/doc" />
    <property name="ant.project.name" value="ClubManager" />
    <property name="java.version" value="1.7.0_45" />
    <property name="user.timezone" value="" />
    <property name="dita.ot.dir" value="/home/stefan/workspace/ClubManager/repositories/dita-ot" />
    <property name="sun.arch.data.model" value="64" />
    <property name="java.endorsed.dirs" value="/usr/lib/jvm/java-7-openjdk/jre/lib/endorsed" />
    <property name="sun.cpu.isalist" value="" />
    <property name="sun.jnu.encoding" value="UTF-8" />
    <property name="file.encoding.pkg" value="sun.io" />
    <property name="file.separator" value="/" />
    <property name="java.specification.name" value="Java Platform API Specification" />
    <property name="java.class.version" value="51.0" />
    <property name="user.country" value="DE" />
    <property name="java.home" value="/usr/lib/jvm/java-7-openjdk/jre" />
    <property name="java.vm.info" value="mixed mode" />
    <property name="ant.file" value="/home/stefan/workspace/ClubManager/build.xml" />
    <property name="os.version" value="3.10.20-1-MANJARO" />
    <property name="path.separator" value=":" />
    <property name="java.vm.version" value="24.45-b08" />
    <property name="ant.library.dir" value="/usr/share/apache-ant/lib" />
    <property name="java.awt.printerjob" value="sun.print.PSPrinterJob" />
    <property name="sun.io.unicode.encoding" value="UnicodeLittle" />
    <property name="awt.toolkit" value="sun.awt.X11.XToolkit" />
    <property name="user.home" value="/home/stefan" />
    <property name="java.specification.vendor" value="Oracle Corporation" />
    <property name="test.dir" value="/home/stefan/workspace/ClubManager/src" />
    <property name="java.library.path" value="/usr/java/packages/lib/amd64:/usr/lib64:/lib64:/lib:/usr/lib" />
    <property name="java.vendor.url" value="http://java.oracle.com/" />
    <property name="java.vm.vendor" value="Oracle Corporation" />
    <property name="java.runtime.name" value="OpenJDK Runtime Environment" />
    <property name="sun.java.command" value="org.apache.tools.ant.taskdefs.optional.junit.JUnitTestRunner test.ClubMemberTest filtertrace=true haltOnError=false haltOnFailure=true formatter=org.apache.tools.ant.taskdefs.optional.junit.SummaryJUnitResultFormatter showoutput=false outputtoformatters=true logfailedtests=true logtestlistenerevents=false formatter=org.apache.tools.ant.taskdefs.optional.junit.XMLJUnitResultFormatter,/home/stefan/workspace/ClubManager/testreport/TEST-test.ClubMemberTest.xml crashfile=/home/stefan/workspace/ClubManager/junitvmwatcher3340862212767438778.properties propsfile=/home/stefan/workspace/ClubManager/junit6485132009348912213.properties" />
    <property name="java.class.path" value="/home/stefan/workspace/ClubManager/lib/hamcrest-core-1.3.jar:/home/stefan/workspace/ClubManager/lib/junit-4.11.jar:/home/stefan/workspace/ClubManager/bin:/usr/share/java/apache-ant/ant-launcher.jar:/usr/share/apache-ant/lib/ant.jar:/usr/share/apache-ant/lib/ant-junit.jar:/usr/share/apache-ant/lib/ant-junit4.jar" />
    <property name="ant.version" value="Apache Ant(TM) version 1.9.2 compiled on July 24 2013" />
    <property name="dita.out.dir" value="/home/stefan/workspace/ClubManager/doc/ditadoc" />
    <property name="ant.file.ClubManager" value="/home/stefan/workspace/ClubManager/build.xml" />
    <property name="java.vm.specification.name" value="Java Virtual Machine Specification" />
    <property name="ant.file.type" value="file" />
    <property name="java.vm.specification.version" value="1.7" />
    <property name="sun.cpu.endian" value="little" />
    <property name="sun.os.patch.level" value="unknown" />
    <property name="java.io.tmpdir" value="/tmp" />
    <property name="java.vendor.url.bug" value="http://bugreport.sun.com/bugreport/" />
    <property name="ant.file.type.ClubManager" value="file" />
    <property name="os.arch" value="amd64" />
    <property name="java.awt.graphicsenv" value="sun.awt.X11GraphicsEnvironment" />
    <property name="java.ext.dirs" value="/usr/lib/jvm/java-7-openjdk/jre/lib/ext:/usr/java/packages/lib/ext" />
    <property name="user.dir" value="/home/stefan/workspace/ClubManager" />
    <property name="line.separator" value="&#xa;" />
    <property name="java.vm.name" value="OpenJDK 64-Bit Server VM" />
    <property name="basedir" value="/home/stefan/workspace/ClubManager" />
    <property name="ant.java.version" value="1.7" />
    <property name="ant.core.lib" value="/usr/share/apache-ant/lib/ant.jar" />
    <property name="file.encoding" value="UTF-8" />
    <property name="java.specification.version" value="1.7" />
    <property name="src.dir" value="/home/stefan/workspace/ClubManager/src" />
    <property name="ant.project.invoked-targets" value="main" />
  </properties>
  <testcase classname="test.ClubMemberTest" name="testCreateClubMember" time="0.002" />
  <system-out><![CDATA[Create RuntimeManager...
Create new Club...
]]></system-out>
  <system-err><![CDATA[]]></system-err>
</testsuite>
